<?xml version="1.0" encoding="UTF-8"?>
<!-- Generated by org.testng.reporters.JUnitReportReporter -->
<testsuite hostname="NitikeshShinde" failures="0" tests="4" name="com.rbus.testcase.SearchBuses" time="30.181" errors="0" timestamp="2023-09-04T18:13:48 IST" skipped="0">
  <testcase classname="com.rbus.testcase.SearchBuses" name="openUrl" time="3.970"/>
  <system-out/>
  <testcase classname="com.rbus.testcase.SearchBuses" name="searchTravelLocations" time="15.613"/>
  <system-out/>
  <testcase classname="com.rbus.testcase.SearchBuses" name="selectDate" time="8.497"/>
  <system-out/>
  <testcase classname="com.rbus.testcase.SearchBuses" name="searchButtonFunctionalityTest" time="2.101"/>
  <system-out/>
</testsuite> <!-- com.rbus.testcase.SearchBuses -->
